C:\USERS\MELIS\DESKTOP\MELISKUDAT_THE6\MELISKUDAT_THE6\DEBUG\DATE.OBJ
C:\USERS\MELIS\DESKTOP\MELISKUDAT_THE6\MELISKUDAT_THE6\DEBUG\FAVORITESERIES.OBJ
C:\USERS\MELIS\DESKTOP\MELISKUDAT_THE6\MELISKUDAT_THE6\DEBUG\MELISKUDAT_THE6.OBJ
C:\USERS\MELIS\DESKTOP\MELISKUDAT_THE6\MELISKUDAT_THE6\DEBUG\STRUTILS.OBJ
C:\USERS\MELIS\DESKTOP\MELISKUDAT_THE6\MELISKUDAT_THE6\DEBUG\VC110.PDB
C:\USERS\MELIS\DESKTOP\MELISKUDAT_THE6\DEBUG\MELISKUDAT_THE6.ILK
C:\USERS\MELIS\DESKTOP\MELISKUDAT_THE6\DEBUG\MELISKUDAT_THE6.EXE
C:\USERS\MELIS\DESKTOP\MELISKUDAT_THE6\DEBUG\MELISKUDAT_THE6.PDB
C:\Users\Melis\Desktop\meliskudat_the6\meliskudat_the6\Debug\date.obj
C:\Users\Melis\Desktop\meliskudat_the6\meliskudat_the6\Debug\favoriteseries.obj
C:\Users\Melis\Desktop\meliskudat_the6\meliskudat_the6\Debug\meliskudat_the6.obj
C:\Users\Melis\Desktop\meliskudat_the6\meliskudat_the6\Debug\strutils.obj
C:\Users\Melis\Desktop\meliskudat_the6\meliskudat_the6\Debug\cl.command.1.tlog
C:\Users\Melis\Desktop\meliskudat_the6\meliskudat_the6\Debug\CL.read.1.tlog
C:\Users\Melis\Desktop\meliskudat_the6\meliskudat_the6\Debug\CL.write.1.tlog
C:\Users\Melis\Desktop\meliskudat_the6\meliskudat_the6\Debug\link-cvtres.read.1.tlog
C:\Users\Melis\Desktop\meliskudat_the6\meliskudat_the6\Debug\link-cvtres.write.1.tlog
C:\Users\Melis\Desktop\meliskudat_the6\meliskudat_the6\Debug\link-rc.read.1.tlog
C:\Users\Melis\Desktop\meliskudat_the6\meliskudat_the6\Debug\link-rc.write.1.tlog
C:\Users\Melis\Desktop\meliskudat_the6\meliskudat_the6\Debug\link.22148-cvtres.read.1.tlog
C:\Users\Melis\Desktop\meliskudat_the6\meliskudat_the6\Debug\link.22148-cvtres.write.1.tlog
C:\Users\Melis\Desktop\meliskudat_the6\meliskudat_the6\Debug\link.22148-rc.read.1.tlog
C:\Users\Melis\Desktop\meliskudat_the6\meliskudat_the6\Debug\link.22148-rc.write.1.tlog
C:\Users\Melis\Desktop\meliskudat_the6\meliskudat_the6\Debug\link.22148.read.1.tlog
C:\Users\Melis\Desktop\meliskudat_the6\meliskudat_the6\Debug\link.22148.write.1.tlog
C:\Users\Melis\Desktop\meliskudat_the6\meliskudat_the6\Debug\link.command.1.tlog
C:\Users\Melis\Desktop\meliskudat_the6\meliskudat_the6\Debug\link.read.1.tlog
C:\Users\Melis\Desktop\meliskudat_the6\meliskudat_the6\Debug\link.write.1.tlog
C:\Users\Melis\Desktop\meliskudat_the6\meliskudat_the6\Debug\vc110.idb
C:\Users\Melis\Desktop\meliskudat_the6\meliskudat_the6\Debug\vc110.pdb
C:\Users\Melis\Desktop\meliskudat_the6\Debug\meliskudat_the6.pdb
C:\Users\Melis\Desktop\meliskudat_the6\Debug\meliskudat_the6.exe
C:\Users\Melis\Desktop\meliskudat_the6\Debug\meliskudat_the6.ilk
